#
# There is insufficient memory for the Java Runtime Environment to continue.
# Native memory allocation (mmap) failed to map 260046848 bytes for G1 virtual space
# Possible reasons:
#   The system is out of physical RAM or swap space
#   The process is running with CompressedOops enabled, and the Java Heap may be blocking the growth of the native heap
# Possible solutions:
#   Reduce memory load on the system
#   Increase physical memory or swap space
#   Check if swap backing store is full
#   Decrease Java heap size (-Xmx/-Xms)
#   Decrease number of Java threads
#   Decrease Java thread stack sizes (-Xss)
#   Set larger code cache with -XX:ReservedCodeCacheSize=
#   JVM is running with Zero Based Compressed Oops mode in which the Java heap is
#     placed in the first 32GB address space. The Java Heap base address is the
#     maximum limit for the native heap growth. Please use -XX:HeapBaseMinAddress
#     to set the Java Heap base and to place the Java Heap above 32GB virtual address.
# This output file may be truncated or incomplete.
#
#  Out of Memory Error (os_windows.cpp:3760), pid=37360, tid=19728
#
# JRE version:  (17.0.5+1) (build )
# Java VM: OpenJDK 64-Bit Server VM (17.0.5+1-b653.25, mixed mode, sharing, tiered, compressed oops, compressed class ptrs, g1 gc, windows-amd64)
# No core dump will be written. Minidumps are not enabled by default on client versions of Windows
#

---------------  S U M M A R Y ------------

Command Line: git4idea.http.GitAskPassApp Username for 'https://gitee.com': 

Host: AMD Ryzen 7 5800H with Radeon Graphics         , 16 cores, 15G,  Windows 11 , 64 bit Build 26100 (10.0.26100.5074)
Time: Fri Oct  3 14:45:28 2025  Windows 11 , 64 bit Build 26100 (10.0.26100.5074) elapsed time: 1.150239 seconds (0d 0h 0m 1s)

---------------  T H R E A D  ---------------

Current thread (0x000001c1effa1490):  JavaThread "Unknown thread" [_thread_in_vm, id=19728, stack(0x00000003a2e00000,0x00000003a2f00000)]

Stack: [0x00000003a2e00000,0x00000003a2f00000]
Native frames: (J=compiled Java code, j=interpreted, Vv=VM code, C=native code)
V  [jvm.dll+0x6830ca]
V  [jvm.dll+0x83f4c4]
V  [jvm.dll+0x840c6e]
V  [jvm.dll+0x8412d3]
V  [jvm.dll+0x2490b5]
V  [jvm.dll+0x67ff99]
V  [jvm.dll+0x6744aa]
V  [jvm.dll+0x308f2b]
V  [jvm.dll+0x3103e6]
V  [jvm.dll+0x36013e]
V  [jvm.dll+0x36036f]
V  [jvm.dll+0x2df018]
V  [jvm.dll+0x2dff84]
V  [jvm.dll+0x810d91]
V  [jvm.dll+0x36df31]
V  [jvm.dll+0x7f028c]
V  [jvm.dll+0x3f0cbf]
V  [jvm.dll+0x3f2801]
C  [jli.dll+0x526b]
C  [ucrtbase.dll+0x37b0]
C  [KERNEL32.DLL+0x2e8d7]
C  [ntdll.dll+0x8d9c]


---------------  P R O C E S S  ---------------

Threads class SMR info:
_java_thread_list=0x00007ffaca348f98, length=0, elements={
}

Java Threads: ( => current thread )

Other Threads:
  0x000001c1f000d840 GCTaskThread "GC Thread#0" [stack: 0x00000003a2f00000,0x00000003a3000000] [id=41968]
  0x000001c1f001df60 ConcurrentGCThread "G1 Main Marker" [stack: 0x00000003a3000000,0x00000003a3100000] [id=35888]
  0x000001c1f0022a40 ConcurrentGCThread "G1 Conc#0" [stack: 0x00000003a3100000,0x00000003a3200000] [id=40748]

[error occurred during error reporting (printing all threads), id 0xc0000005, EXCEPTION_ACCESS_VIOLATION (0xc0000005) at pc=0x00007ffac9affbd7]

VM state: not at safepoint (not fully initialized)

VM Mutex/Monitor currently owned by a thread:  ([mutex/lock_event])
[0x000001c1eff9ef20] Heap_lock - owner thread: 0x000001c1effa1490

Heap address: 0x0000000709800000, size: 3944 MB, Compressed Oops mode: Zero based, Oop shift amount: 3

CDS archive(s) mapped at: [0x0000000000000000-0x0000000000000000-0x0000000000000000), size 0, SharedBaseAddress: 0x0000000800000000, ArchiveRelocationMode: 0.
Narrow klass base: 0x0000000000000000, Narrow klass shift: 0, Narrow klass range: 0x0

GC Precious Log:
<Empty>

Heap:
 garbage-first heap   total 0K, used 0K [0x0000000709800000, 0x0000000800000000)
  region size 2048K, 0 young (0K), 0 survivors (0K)

[error occurred during error reporting (printing heap information), id 0xc0000005, EXCEPTION_ACCESS_VIOLATION (0xc0000005) at pc=0x00007ffac9eecd59]

GC Heap History (0 events):
No events

Dll operation events (1 events):
Event: 0.012 Loaded shared library E:\pychat\PyCharm Community Edition 2022.3.2\jbr\bin\java.dll

Deoptimization events (0 events):
No events

Classes unloaded (0 events):
No events

Classes redefined (0 events):
No events

Internal exceptions (0 events):
No events

VM Operations (0 events):
No events

Events (0 events):
No events


Dynamic libraries:
0x00007ff63aba0000 - 0x00007ff63abaa000 	E:\pychat\PyCharm Community Edition 2022.3.2\jbr\bin\java.exe
0x00007ffb71080000 - 0x00007ffb712e9000 	C:\WINDOWS\SYSTEM32\ntdll.dll
0x00007ffb6f830000 - 0x00007ffb6f8f9000 	C:\WINDOWS\System32\KERNEL32.DLL
0x00007ffb6ea50000 - 0x00007ffb6ee43000 	C:\WINDOWS\System32\KERNELBASE.dll
0x00007ffb6e900000 - 0x00007ffb6ea4b000 	C:\WINDOWS\System32\ucrtbase.dll
0x00007ffaca5a0000 - 0x00007ffaca5b7000 	E:\pychat\PyCharm Community Edition 2022.3.2\jbr\bin\jli.dll
0x00007ffb42630000 - 0x00007ffb4264b000 	E:\pychat\PyCharm Community Edition 2022.3.2\jbr\bin\VCRUNTIME140.dll
0x00007ffb70e70000 - 0x00007ffb71034000 	C:\WINDOWS\System32\USER32.dll
0x00007ffb6e700000 - 0x00007ffb6e727000 	C:\WINDOWS\System32\win32u.dll
0x00007ffb6fdd0000 - 0x00007ffb6fdfb000 	C:\WINDOWS\System32\GDI32.dll
0x00007ffb6e730000 - 0x00007ffb6e85d000 	C:\WINDOWS\System32\gdi32full.dll
0x00007ffb5cf80000 - 0x00007ffb5d213000 	C:\WINDOWS\WinSxS\amd64_microsoft.windows.common-controls_6595b64144ccf1df_6.0.26100.5074_none_3e0d6f78e32fd63f\COMCTL32.dll
0x00007ffb6e210000 - 0x00007ffb6e2b3000 	C:\WINDOWS\System32\msvcp_win.dll
0x00007ffb6f6a0000 - 0x00007ffb6f749000 	C:\WINDOWS\System32\msvcrt.dll
0x00007ffb70360000 - 0x00007ffb7038f000 	C:\WINDOWS\System32\IMM32.DLL
0x00007ffb64c00000 - 0x00007ffb64c0c000 	E:\pychat\PyCharm Community Edition 2022.3.2\jbr\bin\vcruntime140_1.dll
0x00007ffb14d10000 - 0x00007ffb14d9d000 	E:\pychat\PyCharm Community Edition 2022.3.2\jbr\bin\msvcp140.dll
0x00007ffac9810000 - 0x00007ffaca47b000 	E:\pychat\PyCharm Community Edition 2022.3.2\jbr\bin\server\jvm.dll
0x00007ffb6f5d0000 - 0x00007ffb6f684000 	C:\WINDOWS\System32\ADVAPI32.dll
0x00007ffb6f900000 - 0x00007ffb6f9a6000 	C:\WINDOWS\System32\sechost.dll
0x00007ffb70ba0000 - 0x00007ffb70cb8000 	C:\WINDOWS\System32\RPCRT4.dll
0x00007ffb480a0000 - 0x00007ffb480aa000 	C:\WINDOWS\SYSTEM32\WSOCK32.dll
0x00007ffb66e30000 - 0x00007ffb66e3b000 	C:\WINDOWS\SYSTEM32\VERSION.dll
0x00007ffb66df0000 - 0x00007ffb66e25000 	C:\WINDOWS\SYSTEM32\WINMM.dll
0x00007ffb70df0000 - 0x00007ffb70e64000 	C:\WINDOWS\System32\WS2_32.dll
0x00007ffb6cfb0000 - 0x00007ffb6cfcb000 	C:\WINDOWS\SYSTEM32\kernel.appcore.dll
0x00007ffaca930000 - 0x00007ffaca93a000 	E:\pychat\PyCharm Community Edition 2022.3.2\jbr\bin\jimage.dll
0x00007ffb6b7d0000 - 0x00007ffb6ba12000 	C:\WINDOWS\SYSTEM32\DBGHELP.DLL
0x00007ffb6fe00000 - 0x00007ffb7017b000 	C:\WINDOWS\System32\combase.dll
0x00007ffb70ac0000 - 0x00007ffb70b97000 	C:\WINDOWS\System32\OLEAUT32.dll
0x00007ffb5c990000 - 0x00007ffb5c9cd000 	C:\WINDOWS\SYSTEM32\dbgcore.DLL
0x00007ffb6e860000 - 0x00007ffb6e8f9000 	C:\WINDOWS\System32\bcryptPrimitives.dll
0x00007ffaca900000 - 0x00007ffaca925000 	E:\pychat\PyCharm Community Edition 2022.3.2\jbr\bin\java.dll

dbghelp: loaded successfully - version: 4.0.5 - missing functions: none
symbol engine: initialized successfully - sym options: 0x614 - pdb path: .;E:\pychat\PyCharm Community Edition 2022.3.2\jbr\bin;C:\WINDOWS\SYSTEM32;C:\WINDOWS\WinSxS\amd64_microsoft.windows.common-controls_6595b64144ccf1df_6.0.26100.5074_none_3e0d6f78e32fd63f;E:\pychat\PyCharm Community Edition 2022.3.2\jbr\bin\server

VM Arguments:
java_command: git4idea.http.GitAskPassApp Username for 'https://gitee.com': 
java_class_path (initial): E:/pychat/PyCharm Community Edition 2022.3.2/plugins/vcs-git/lib/git4idea-rt.jar;E:/pychat/PyCharm Community Edition 2022.3.2/lib/externalProcess-rt.jar;E:/pychat/PyCharm Community Edition 2022.3.2/lib/app.jar;E:/pychat/PyCharm Community Edition 2022.3.2/lib/3rd-party-rt.jar
Launcher Type: SUN_STANDARD

[Global flags]
     intx CICompilerCount                          = 12                                        {product} {ergonomic}
     uint ConcGCThreads                            = 3                                         {product} {ergonomic}
     uint G1ConcRefinementThreads                  = 13                                        {product} {ergonomic}
   size_t G1HeapRegionSize                         = 2097152                                   {product} {ergonomic}
    uintx GCDrainStackTargetSize                   = 64                                        {product} {ergonomic}
   size_t InitialHeapSize                          = 260046848                                 {product} {ergonomic}
   size_t MarkStackSize                            = 4194304                                   {product} {ergonomic}
   size_t MaxHeapSize                              = 4135583744                                {product} {ergonomic}
   size_t MinHeapDeltaBytes                        = 2097152                                   {product} {ergonomic}
   size_t MinHeapSize                              = 8388608                                   {product} {ergonomic}
    uintx NonNMethodCodeHeapSize                   = 7602480                                {pd product} {ergonomic}
    uintx NonProfiledCodeHeapSize                  = 122027880                              {pd product} {ergonomic}
    uintx ProfiledCodeHeapSize                     = 122027880                              {pd product} {ergonomic}
    uintx ReservedCodeCacheSize                    = 251658240                              {pd product} {ergonomic}
     bool SegmentedCodeCache                       = true                                      {product} {ergonomic}
   size_t SoftMaxHeapSize                          = 4135583744                             {manageable} {ergonomic}
     bool UseCompressedClassPointers               = true                           {product lp64_product} {ergonomic}
     bool UseCompressedOops                        = true                           {product lp64_product} {ergonomic}
     bool UseG1GC                                  = true                                      {product} {ergonomic}
     bool UseLargePagesIndividualAllocation        = false                                  {pd product} {ergonomic}

Logging:
Log output configuration:
 #0: stdout all=warning uptime,level,tags
 #1: stderr all=off uptime,level,tags

Environment Variables:
PATH=D:\软件\Git\mingw64\libexec\git-core;D:\软件\Git\mingw64\libexec\git-core;D:\软件\Git\mingw64\bin;D:\软件\Git\usr\bin;C:\Users\ASUS\bin;E:\HarmonyOpy\venv\Scripts;E:\ZenTao\bin\git\cmd;E:\ZenTao\bin\php;E:\ZenTao\bin\sliksvn;E:\ZenTao\zbox\nssm\win64;D:\Workspace\workspace\xuansnap\GitHub\zentao_test\bin\git\cmd;E:\candao\ZenTao\bin\php;E:\candao\ZenTao\bin\sliksvn;E:\candao\ZenTao\zbox\nssm\win64;C:\Program Files\Microsoft MPI\Bin;E:\Linux\bin;C:\Windows\system32;C:\Windows;C:\Windows\System32\Wbem;C:\Windows\System32\WindowsPowerShell\v1.0;C:\Windows\System32\OpenSSH;C:\Program Files (x86)\NVIDIA Corporation\PhysX\Common;C:\Program Files\NVIDIA Corporation\NVIDIA NvDLISR;C:\WINDOWS\system32;C:\WINDOWS;C:\WINDOWS\System32\Wbem;C:\WINDOWS\System32\WindowsPowerShell\v1.0;C:\WINDOWS\System32\OpenSSH;D:\杞浠\Git\cmd;D:\Apache-Subversion-1.10.3\bin;D:\Program Files\MATLAB\R2014a\runtime\win64;D:\Program Files\MATLAB\R2014a\bin;D:\Program Files\MATLAB\R2014a\polyspace\bin;C:\SJK\110\DTS\Binn;E:\SJK\110\Tools\Binn;C:\SJK\110\Tools\Binn;E:\SJK\110\Tools\Binn\ManagementStudio;C:\Program Files (x86)\Microsoft Visual Studio 10.0\Common7\IDE\PrivateAssemblies;E:\SJK\110;C:\WINDOWS\system32;C:\WINDOWS;C:\WINDOWS\System32\Wbem;C:\WINDOWS\System32\WindowsPowerShell\v1.0;C:\WINDOWS\System32\OpenSSH;C:\Program Files\MySQL\MySQL Server 8.0\bin;E:\command-line-tools\sdk\default\openharmony\toolchains;E:\anaconda3;E:\anaconda3\Library\mingw-w64\bin;E:\anaconda3\Library\usr\bin;E:\anaconda3\Library\bin;E:\anaconda3\Scripts;E:\pychat\Scripts;E:\pychat;C:\Users\ASUS\AppData\Local\Microsoft\WindowsApps;E:\pychat\PyCharm Community Edition 2022.3.2\bin;%USERPROFILE%\AppData\Local\Microsoft\WindowsApps;E:\Fiddler
USERNAME=ASUS
DISPLAY=:0.0
LC_ALL=en_US.UTF-8
TERM=xterm-256color
TMPDIR=C:\Users\ASUS\AppData\Local\Temp
OS=Windows_NT
PROCESSOR_IDENTIFIER=AMD64 Family 25 Model 80 Stepping 0, AuthenticAMD
TMP=C:\Users\ASUS\AppData\Local\Temp
TEMP=C:\Users\ASUS\AppData\Local\Temp



---------------  S Y S T E M  ---------------

OS:
 Windows 11 , 64 bit Build 26100 (10.0.26100.5074)
OS uptime: 9 days 5:06 hours
Hyper-V role detected

CPU: total 16 (initial active 16) (16 cores per cpu, 2 threads per core) family 25 model 80 stepping 0 microcode 0xa50000c, cx8, cmov, fxsr, ht, mmx, 3dnowpref, sse, sse2, sse3, ssse3, sse4a, sse4.1, sse4.2, popcnt, lzcnt, tsc, tscinvbit, avx, avx2, aes, erms, clmul, bmi1, bmi2, adx, sha, fma, vzeroupper, clflush, clflushopt, hv

Memory: 4k page, system-wide physical 15773M (2597M free)
TotalPageFile size 33752M (AvailPageFile size 102M)
current process WorkingSet (physical memory assigned to process): 12M, peak: 12M
current process commit charge ("private bytes"): 70M, peak: 318M

vm_info: OpenJDK 64-Bit Server VM (17.0.5+1-b653.25) for windows-amd64 JRE (17.0.5+1-b653.25), built on 2023-01-04 by "builduser" with MS VC++ 16.10 / 16.11 (VS2019)

END.
